<?xml version="1.0" encoding="UTF-8"?>
<!-- Generated by org.testng.reporters.JUnitReportReporter -->
<testsuite hostname="kalpesh16" failures="0" tests="6" name="Testng.GitProject.FacebookGroups" time="7.742" errors="0" timestamp="01 Oct 2021 16:27:10 GMT" skipped="0">
  <testcase classname="Testng.GitProject.FacebookGroups" name="launchBrowser" time="2.640"/>
  <testcase classname="Testng.GitProject.FacebookGroups" name="verifyCreateNewAccountField" time="0.082"/>
  <testcase classname="Testng.GitProject.FacebookGroups" name="verifyFirstNameField" time="0.577"/>
  <testcase classname="Testng.GitProject.FacebookGroups" name="verifyMobileNoField" time="0.101"/>
  <testcase classname="Testng.GitProject.FacebookGroups" name="verifyDOBField" time="0.217"/>
  <testcase classname="Testng.GitProject.FacebookGroups" name="terminateBrowser" time="4.125"/>
</testsuite> <!-- Testng.GitProject.FacebookGroups -->
